var data = [{'startTime': '2019-05-04 21:50:37', 'duration': '0:03:11.597165', 'title': '测试报告', 'status': '错误 6', 'desc': '自动化测试报告', 'data': '\n    <div id="btn-group">\n    <div class="btn-group btn-group-sm">\n        <a class="btn btn-primary" onclick=\'javascript:showCase(0)\'>概要{ 0.00% }</a>\n        <a class="btn btn-warning" onclick=\'javascript:showCase(4)\'>错误{ 6 }</a>\n        <a class="btn btn-danger" onclick=\'javascript:showCase(1)\'>失败{ 0 }</a>\n        <a class="btn btn-success" onclick=\'javascript:showCase(2)\'>通过{ 0 }</a>\n        <a class="btn btn-info" onclick=\'javascript:showCase(3)\'>所有{ 6 }</a>\n    </div>\n    <p></p>\n    <table id=\'result_table\' class="table table-bordered">\n        <colgroup>\n            <col align=\'left\' />\n            <col align=\'right\' />\n            <col align=\'right\' />\n            <col align=\'right\' />\n            <col align=\'right\' />\n            <col align=\'right\' />\n            <col align=\'right\' />\n        </colgroup>\n        <tr id=\'header_row\'>\n            <td>测试套件/测试用例</td>\n            <td>总数</td>\n            <td>通过</td>\n            <td>失败</td>\n            <td>错误</td>\n            <th>视图</th>\n            <th>错误截图</th>\n        </tr>\n        \n    <tr class=\'errorClass\'>\n        <td>test_baidu.LoginBaDuInterface: LoginBaDuInterface</td>\n        <td>2</td>\n        <td>0</td>\n        <td>0</td>\n        <td>2</td>\n        <td><a href="javascript:showClassDetail(\'c1\',2)">详情</a></td>\n        <td>&nbsp;</td>\n    </tr>\n\n<tr id=\'ft1.1\' class=\'none\'>\n    <td class=\'errorCase\'><div class=\'testcase\'>testloginBaiDu</div></td>\n    <td colspan=\'5\' align=\'center\'>\n\n    <!--css div popup start-->\n    <a class="popup_link" onfocus=\'this.blur();\' href="javascript:showTestDetail(\'div_ft1.1\')" >\n        错误</a>\n\n    <div id=\'div_ft1.1\' class="popup_window">\n        <div style=\'text-align: right; color:red;cursor:pointer\'>\n            <a onfocus=\'this.blur();\' onclick="document.getElementById(\'div_ft1.1\').style.display = \'none\' " >\n               [x]</a>\n        </div>\n        <pre>ft1.1: Message: unknown error: Chrome failed to start: exited abnormally\n  (Driver info: chromedriver=2.36.540471 (9c759b81a907e70363c6312294d30b6ccccc2752),platform=Linux 3.10.0-327.el7.x86_64 x86_64)\n\n[2019-05-04 21:51:40,553 loginit.py info line:41 INFO:] [testloginBaiDu方法开始]\n[2019-05-04 21:51:40,554 loginit.py info line:41 INFO:] [初始化定位函数]\n[2019-05-04 21:51:40,555 loginit.py info line:41 INFO:] [元素不存在：kw]\n[2019-05-04 21:51:40,555 loginit.py info line:41 INFO:] [执行完成，退出线程]\nTraceback (most recent call last):\n  File "/root/selenium/web_selenium/TestCase/test_baidu.py", line 37, in testloginBaiDu\n    kw.send_keys("123456789")\nAttributeError: \'NoneType\' object has no attribute \'send_keys\'\n</pre>\n    </div>\n    <!--css div popup end-->\n\n    </td>\n    <td>无截图</td>\n</tr>\n\n<tr id=\'ft1.2\' class=\'none\'>\n    <td class=\'errorCase\'><div class=\'testcase\'>testloginBaiDu</div></td>\n    <td colspan=\'5\' align=\'center\'>\n\n    <!--css div popup start-->\n    <a class="popup_link" onfocus=\'this.blur();\' href="javascript:showTestDetail(\'div_ft1.2\')" >\n        错误</a>\n\n    <div id=\'div_ft1.2\' class="popup_window">\n        <div style=\'text-align: right; color:red;cursor:pointer\'>\n            <a onfocus=\'this.blur();\' onclick="document.getElementById(\'div_ft1.2\').style.display = \'none\' " >\n               [x]</a>\n        </div>\n        <pre>ft1.2: Message: unknown error: Chrome failed to start: exited abnormally\n  (Driver info: chromedriver=2.36.540471 (9c759b81a907e70363c6312294d30b6ccccc2752),platform=Linux 3.10.0-327.el7.x86_64 x86_64)\n\n[2019-05-04 21:51:40,553 loginit.py info line:41 INFO:] [testloginBaiDu方法开始]\n[2019-05-04 21:51:40,554 loginit.py info line:41 INFO:] [初始化定位函数]\n[2019-05-04 21:51:40,555 loginit.py info line:41 INFO:] [元素不存在：kw]\n[2019-05-04 21:51:40,555 loginit.py info line:41 INFO:] [执行完成，退出线程]\nTraceback (most recent call last):\n  File "/root/selenium/web_selenium/TestCase/test_baidu.py", line 29, in tearDown\n    self.driver.quit()\nAttributeError: \'NoneType\' object has no attribute \'quit\'\n</pre>\n    </div>\n    <!--css div popup end-->\n\n    </td>\n    <td>无截图</td>\n</tr>\n\n    <tr class=\'errorClass\'>\n        <td>test_boss_index.BossZhiPin: Boss直聘</td>\n        <td>4</td>\n        <td>0</td>\n        <td>0</td>\n        <td>4</td>\n        <td><a href="javascript:showClassDetail(\'c2\',4)">详情</a></td>\n        <td>&nbsp;</td>\n    </tr>\n\n<tr id=\'ft2.1\' class=\'none\'>\n    <td class=\'errorCase\'><div class=\'testcase\'>test_error1</div></td>\n    <td colspan=\'5\' align=\'center\'>\n\n    <!--css div popup start-->\n    <a class="popup_link" onfocus=\'this.blur();\' href="javascript:showTestDetail(\'div_ft2.1\')" >\n        错误</a>\n\n    <div id=\'div_ft2.1\' class="popup_window">\n        <div style=\'text-align: right; color:red;cursor:pointer\'>\n            <a onfocus=\'this.blur();\' onclick="document.getElementById(\'div_ft2.1\').style.display = \'none\' " >\n               [x]</a>\n        </div>\n        <pre>ft2.1: Message: unknown error: Chrome failed to start: exited abnormally\n  (Driver info: chromedriver=2.36.540471 (9c759b81a907e70363c6312294d30b6ccccc2752),platform=Linux 3.10.0-327.el7.x86_64 x86_64)\n\nTraceback (most recent call last):\n  File "/root/selenium/web_selenium/TestCase/test_boss_index.py", line 84, in test_error1\n    print(1/0)\nZeroDivisionError: division by zero\n</pre>\n    </div>\n    <!--css div popup end-->\n\n    </td>\n    <td>无截图</td>\n</tr>\n\n<tr id=\'ft2.2\' class=\'none\'>\n    <td class=\'errorCase\'><div class=\'testcase\'>test_error1</div></td>\n    <td colspan=\'5\' align=\'center\'>\n\n    <!--css div popup start-->\n    <a class="popup_link" onfocus=\'this.blur();\' href="javascript:showTestDetail(\'div_ft2.2\')" >\n        错误</a>\n\n    <div id=\'div_ft2.2\' class="popup_window">\n        <div style=\'text-align: right; color:red;cursor:pointer\'>\n            <a onfocus=\'this.blur();\' onclick="document.getElementById(\'div_ft2.2\').style.display = \'none\' " >\n               [x]</a>\n        </div>\n        <pre>ft2.2: Message: unknown error: Chrome failed to start: exited abnormally\n  (Driver info: chromedriver=2.36.540471 (9c759b81a907e70363c6312294d30b6ccccc2752),platform=Linux 3.10.0-327.el7.x86_64 x86_64)\n\nTraceback (most recent call last):\n  File "/root/selenium/web_selenium/TestCase/test_boss_index.py", line 26, in tearDown\n    self.driver.quit()\nAttributeError: \'NoneType\' object has no attribute \'quit\'\n</pre>\n    </div>\n    <!--css div popup end-->\n\n    </td>\n    <td>无截图</td>\n</tr>\n\n<tr id=\'ft2.3\' class=\'none\'>\n    <td class=\'errorCase\'><div class=\'testcase\'>test_search_job</div></td>\n    <td colspan=\'5\' align=\'center\'>\n\n    <!--css div popup start-->\n    <a class="popup_link" onfocus=\'this.blur();\' href="javascript:showTestDetail(\'div_ft2.3\')" >\n        错误</a>\n\n    <div id=\'div_ft2.3\' class="popup_window">\n        <div style=\'text-align: right; color:red;cursor:pointer\'>\n            <a onfocus=\'this.blur();\' onclick="document.getElementById(\'div_ft2.3\').style.display = \'none\' " >\n               [x]</a>\n        </div>\n        <pre>ft2.3: Message: unknown error: Chrome failed to start: exited abnormally\n  (Driver info: chromedriver=2.36.540471 (9c759b81a907e70363c6312294d30b6ccccc2752),platform=Linux 3.10.0-327.el7.x86_64 x86_64)\n\n[2019-05-04 21:53:48,690 loginit.py info line:41 INFO:] [初始化定位函数]\n[2019-05-04 21:53:48,690 loginit.py info line:41 INFO:] [元素不存在：query]\nTraceback (most recent call last):\n  File "/root/selenium/web_selenium/TestCase/test_boss_index.py", line 38, in test_search_job\n    search_edit.click()\nAttributeError: \'NoneType\' object has no attribute \'click\'\n</pre>\n    </div>\n    <!--css div popup end-->\n\n    </td>\n    <td>无截图</td>\n</tr>\n\n<tr id=\'ft2.4\' class=\'none\'>\n    <td class=\'errorCase\'><div class=\'testcase\'>test_search_job</div></td>\n    <td colspan=\'5\' align=\'center\'>\n\n    <!--css div popup start-->\n    <a class="popup_link" onfocus=\'this.blur();\' href="javascript:showTestDetail(\'div_ft2.4\')" >\n        错误</a>\n\n    <div id=\'div_ft2.4\' class="popup_window">\n        <div style=\'text-align: right; color:red;cursor:pointer\'>\n            <a onfocus=\'this.blur();\' onclick="document.getElementById(\'div_ft2.4\').style.display = \'none\' " >\n               [x]</a>\n        </div>\n        <pre>ft2.4: Message: unknown error: Chrome failed to start: exited abnormally\n  (Driver info: chromedriver=2.36.540471 (9c759b81a907e70363c6312294d30b6ccccc2752),platform=Linux 3.10.0-327.el7.x86_64 x86_64)\n\n[2019-05-04 21:53:48,690 loginit.py info line:41 INFO:] [初始化定位函数]\n[2019-05-04 21:53:48,690 loginit.py info line:41 INFO:] [元素不存在：query]\nTraceback (most recent call last):\n  File "/root/selenium/web_selenium/TestCase/test_boss_index.py", line 26, in tearDown\n    self.driver.quit()\nAttributeError: \'NoneType\' object has no attribute \'quit\'\n</pre>\n    </div>\n    <!--css div popup end-->\n\n    </td>\n    <td>无截图</td>\n</tr>\n\n        <tr id=\'total_row\'>\n            <td>总计</td>\n            <td>6</td>\n            <td>0</td>\n            <td>0</td>\n            <td>6</td>\n            <td>&nbsp;</td>\n            <th>&nbsp;</th>\n        </tr>\n    </table>\n    </div>\n', 'error': '6'}]